2025-11-06 20:21:51 | PID=1820 | CMD="notepad" | EXIT=-1 | STATUS=TIMEOUT | DUR=33ms
2025-11-06 20:24:05 | PID=2584 | CMD="notepad" | EXIT=-1 | STATUS=TIMEOUT | DUR=30ms
2025-11-06 20:24:28 | PID=15188 | CMD="notepad" | EXIT=0 | STATUS=RUNNING | DUR=0ms
2025-11-06 20:27:27 | PID=14280 | CMD="notepad" | EXIT=0 | STATUS=RUNNING | DUR=0ms
2025-11-06 20:29:22 | PID=6060 | CMD="notepad" | EXIT=0 | STATUS=RUNNING | DUR=0ms
2025-11-06 20:32:37 | PID=20592 | CMD="notepad" | EXIT=0 | STATUS=RUNNING | DUR=0ms
2025-11-06 20:40:05 | PID=9828 | CMD="notepad" | EXIT=0 | STATUS=RUNNING | DUR=0ms
2025-11-06 20:40:32 | PID=3496 | CMD="notepad" | EXIT=-1 | STATUS=TIMEOUT | DUR=4ms
2025-11-06 20:52:19 | PID=13964 | CMD="notepad" | EXIT=0 | STATUS=RUNNING | DUR=0ms
2025-11-06 21:00:49 | PID=3996 | CMD="notepad" | EXIT=0 | STATUS=RUNNING | DUR=0ms
2025-11-06 21:10:26 | PID=9988 | CMD="notepad" | EXIT=-1 | STATUS=TIMEOUT | DUR=33ms
2025-11-06 21:10:41 | PID=13968 | CMD="notepad" | EXIT=0 | STATUS=RUNNING | DUR=0ms
2025-11-06 21:11:35 | PID=8212 | CMD="ping google.com" | EXIT=-1 | STATUS=TIMEOUT | DUR=14ms
2025-11-06 21:12:37 | PID=17460 | CMD="ping google.com" | EXIT=0 | STATUS=EXIT OK | DUR=3253ms
2025-11-06 21:13:02 | PID=7964 | CMD="notepad" | EXIT=0 | STATUS=EXIT OK | DUR=5014ms
2025-11-06 21:13:16 | PID=2368 | CMD="ping google.com" | EXIT=0 | STATUS=RUNNING | DUR=0ms
2025-11-06 21:14:11 | PID=9744 | CMD="notepad" | EXIT=0 | STATUS=RUNNING | DUR=0ms
2025-11-06 21:14:25 | PID=15040 | CMD="ping google.com" | EXIT=0 | STATUS=RUNNING | DUR=0ms
2025-11-06 22:51:44 | PID=9664 | CMD="notepad" | EXIT=0 | STATUS=EXIT OK | DUR=6228ms
2025-11-06 22:52:03 | PID=10904 | CMD="ping google.com" | EXIT=0 | STATUS=EXIT OK | DUR=3603ms
2025-11-06 22:52:22 | PID=17940 | CMD="notepas" | EXIT=0 | STATUS=RUNNING | DUR=0ms
2025-11-06 22:52:47 | PID=8088 | CMD="notepad" | EXIT=0 | STATUS=RUNNING | DUR=0ms
2025-11-07 07:53:36 | PID=19012 | CMD="ping google.com" | EXIT=0 | STATUS=EXIT OK | DUR=3250ms
2025-11-07 07:54:13 | PID=680 | CMD="notepad" | EXIT=0 | STATUS=RUNNING | DUR=0ms
2025-11-07 08:06:36 | PID=13880 | CMD="ping google.com" | EXIT=0 | STATUS=EXIT OK | DUR=4266ms
2025-11-07 08:11:59 | PID=10168 | CMD="ping google.com" | EXIT=0 | STATUS=EXIT OK | DUR=3894ms
2025-11-07 08:15:46 | PID=1528 | CMD="ping google.com" | EXIT=0 | STATUS=EXIT OK | DUR=3775ms
2025-11-07 08:16:56 | PID=10580 | CMD="ping google.com" | EXIT=0 | STATUS=EXIT OK | DUR=4165ms
2025-11-07 08:38:05 | PID=20792 | CMD="ping google.com" | EXIT=-1 | STATUS=TIMEOUT | DUR=3050ms
2025-11-07 08:39:21 | PID=2496 | CMD="notepad" | EXIT=0 | STATUS=EXIT OK | DUR=3959ms
2025-11-07 08:39:35 | PID=1984 | CMD="notepad" | EXIT=0 | STATUS=RUNNING | DUR=0ms
2025-11-07 08:39:52 | PID=1276 | CMD="ejecuta ping google.com" | EXIT=1 | STATUS=EXIT OK | DUR=75ms
2025-11-07 08:40:10 | PID=21492 | CMD="ping google.com" | EXIT=-1 | STATUS=TIMEOUT | DUR=3025ms
2025-11-07 08:42:13 | PID=9564 | CMD="calculator" | EXIT=0 | STATUS=RUNNING | DUR=0ms
2025-11-07 08:42:22 | PID=9524 | CMD="calc" | EXIT=0 | STATUS=RUNNING | DUR=0ms
2025-11-07 08:42:59 | PID=12452 | CMD="calc" | EXIT=0 | STATUS=EXIT OK | DUR=796ms
